✓ Server started on port 3001
✓ Database Connected
✓ Server started on port 3001
✓ Database Connected
✓ 0
✓ Server started on port 3001
✓ Database Connected
✓ Routes Mounted: 0
✓ Server started on port 3001
✓ Database Connected
✓ Server started on port 3001
✓ Database Connected
✓ Routes Mounted: 0
✓ Server started on port 3001
✓ Database Connected
✓ Routes Mounted: 0
✓ Routes Mounted: 0
✓ Server started on port 3001
✓ Database Connected
✓ Routes Mounted: 0
✓ Server started on port 3001
✓ Database Connected
✓ Routes: 0
✓ Server started on port 3001
✓ Database Connected
✓ Routes: 0
✓ Database Connected
✓ Server started on port 3001
✓ Routes: 0
✓ Database Connected
✓ Server started on port 3001
✓ Routes: 0
✓ Database Connected
✓ Server started on port 3001
✓ Routes: 0
✓ Database Connected
✓ Server started on port 3001
✓ Routes: 0
✓ Database Connected
✓ Server started on port 3001
✓ Routes: 0
✓ Database Connected
✓ Server started on port 3001
✓ Server started on port 3001
✓ Database Connected
✓ Routes: 0
✓ Server started on port 3001
✓ Database Connected
✓ Server started on port 3001
✓ Database Connected
✓ Server started on port 3001
✓ Database Connected
✓ Server started on port 3001
✓ Database Connected
✓ Server started on port 3001
✓ Database Connected
✓ Server started on port 3001
✓ Database Connected
✓ Server started on port 3001
✓ Database Connected
✓ Server started on port 3001
✓ Database Connected
✓ Server started on port 3001
✓ Database Connected
✓ Server started on port 3001
✓ Database Connected
✓ Server started on port 3001
✓ Database Connected
✓ Server started on port 3001
✓ Database Connected
✓ LALAL 1
✓ Server started on port 3001
✓ Database Connected
✓ Routes Mounted: 1
✓ Server started on port 3001
✓ Database Connected
✓ Routes Mounted: 1 endpoints
✓ Server started on port 3001
✓ Server started on port 3001
✓ Database Connected
✓ Routes Mounted: 1 endpoints
✓ Server started on port 3001
✓ Database Connected
✓ Routes Mounted: 1 endpoints
✓ Server started on port 3001
✓ Database Connected
✓ Middlewares mounted: jsonParser
✓ Routes Mounted: 1 endpoints
✓ Server started on port 3001
✓ Database Connected
✓ Middlewares mounted: jsonParser
✓ Routes Mounted: 1 endpoints
✓ Server started on port 3001
✓ Database Connected
✓ Routes Mounted: 1 endpoints
✓ Middlewares mounted: jsonParser, router
✓ Server started on port 3001
✓ Database Connected
✓ Server started on port 3001
✓ Database Connected
✓ Middlewares mounted: jsonParser, router
✓ Routes Mounted: 0 endpoints
✓ Server started on port 3001
✓ Database Connected
✓ Middlewares mounted: jsonParser
✓ Routes Mounted: 1 endpoints
✓ Server started on port 3001
✓ Database Connected
✓ Middlewares mounted: jsonParser
✓ Routes Mounted: 1 endpoints
✓ Server started on port 3001
✓ Database Connected
✓ Middlewares mounted: jsonParser
✓ Routes Mounted: 1 endpoints
✓ Server started on port 3001
✓ Database Connected
✓ Middlewares mounted: jsonParser
✓ Routes Mounted: 1 endpoints
✓ Server started on port 3001
✓ Database Connected
✓ Middlewares mounted: jsonParser
✓ Routes Mounted: 1 endpoints
✓ Server started on port 3001
✓ Database Connected
✓ Middlewares mounted: jsonParser
✓ Routes Mounted: 1 endpoints
✓ Server started on port 3001
✓ Database Connected
✓ Middlewares mounted: jsonParser
✓ Routes Mounted: 1 endpoints
✓ Server started on port 3001
✓ Database Connected
✓ Middlewares mounted: jsonParser
✓ Routes Mounted: 1 endpoints
✓ Server started on port 3001
✓ Database Connected
✓ Middlewares mounted: jsonParser
✓ Routes Mounted: 1 endpoints
✓ Server started on port 3001
✓ Database Connected
✓ Middlewares mounted: jsonParser
✓ Routes Mounted: 1 endpoints
✓ Server started on port 3001
✓ Database Connected
✓ Middlewares mounted: jsonParser
✓ Routes Mounted: 1 endpoints
✓ Server started on port 3001
✓ Database Connected
✓ Middlewares mounted: jsonParser
✓ Routes Mounted: 1 endpoints
✓ Server started on port 3001
✓ Database Connected
✓ Middlewares mounted: jsonParser
✓ Routes Mounted: 1 endpoints
✓ Server started on port 3001
✓ Database Connected
✓ Middlewares mounted: jsonParser
✓ Routes Mounted: 1 endpoints
✓ Server started on port 3001
✓ Database Connected
✓ Middlewares mounted: jsonParser
✓ Routes Mounted: 1 endpoints
✓ Server started on port 3001
✓ Database Connected
✓ Middlewares mounted: jsonParser
✓ Routes Mounted: 1 endpoints
✓ Server started on port 3001
✓ Database Connected
✓ Middlewares mounted: jsonParser
✓ Routes Mounted: 1 endpoints
✓ Server started on port 3001
✓ Database Connected
✓ Middlewares mounted: jsonParser
✓ Routes Mounted: 3 endpoints
✓ Server started on port 3001
✓ Database Connected
✓ Middlewares mounted: jsonParser
✓ Routes Mounted: 3 endpoints
✓ Server started on port 3001
✓ Database Connected
✓ Middlewares mounted
✓ Routes Mounted: 3 endpoints
✓ Server started on port 3001
✓ Database Connected
✓ Middlewares mounted
✓ Routes Mounted: 3 endpoints
✓ Server started on port 3001
✓ Database Connected
✓ Middlewares mounted
✓ Routes Mounted: 3 endpoints
✓ Server started on port 3001
✓ Database Connected
✓ Middlewares mounted
✓ Routes Mounted: 3 endpoints
✓ Server started on port 3001
✓ Database Connected
✓ Middlewares mounted
✓ Routes Mounted: 3 endpoints
✓ Server started on port 3001
✓ Database Connected
✓ Middlewares mounted
✓ Routes Mounted: 3 endpoints
✓ Server started on port 4000
✓ Database Connected
✓ Middlewares mounted
✓ Routes Mounted: 3 endpoints
✓ Server started on port 3001
✓ Database Connected
✓ Middlewares mounted
✓ Routes Mounted: 3 endpoints
✓ Server started on port 3001
✓ Database Connected
✓ Middlewares mounted
✓ Routes Mounted: 3 endpoints
✓ Server started on port 3001
✓ Database Connected
✓ Middlewares mounted
✓ Routes Mounted: 3 endpoints
✓ Server started on port 3001
✓ Server started on port 3001
✓ Database Connected
✓ Middlewares mounted
✓ Routes Mounted: 3 endpoints
✓ Server started on port 3001
✓ Database Connected
✓ Middlewares mounted
✓ Routes Mounted: 3 endpoints
✓ Server started on port 3001
✓ Database Connected
✓ Middlewares mounted
✓ Routes Mounted: 3 endpoints
✓ Server started on port 3001
✓ Database Connected
✓ Middlewares mounted
✓ Routes Mounted: 3 endpoints
✓ Server started on port 3001
✓ Database Connected
✓ Middlewares mounted
✓ Routes Mounted: 3 endpoints
✓ Server started on port 3001
✓ Database Connected
✓ Middlewares mounted
✓ Routes Mounted: 3 endpoints
✓ Server started on port 3001
✓ Database Connected
✓ Middlewares mounted
✓ Routes Mounted: 3 endpoints
✓ Server started on port 3001
✓ Database Connected
✓ Middlewares mounted
✓ Routes Mounted: 3 endpoints
✓ Server started on port 3001
✓ Database Connected
✓ Middlewares mounted
✓ Routes Mounted: 1 endpoints
✓ Server started on port 3001
✓ Database Connected
✓ Middlewares mounted
✓ Server started on port 3001
✓ Database Connected
✓ Middlewares mounted
✓ Routes Mounted: 1 endpoints
✓ Server started on port 3001
✓ Database Connected
✓ Middlewares mounted
✓ Routes Mounted: 1 endpoints
✓ Server started on port 3001
✓ Database Connected
✓ Middlewares mounted
✓ Routes Mounted: 1 endpoints
✓ Server started on port 3001
✓ Database Connected
✓ Middlewares mounted
✓ Server started on port 3001
✓ Database Connected
✓ Middlewares mounted
✓ Server started on port 3001
✓ Database Connected
✓ Middlewares mounted
✓ Server started on port 3001
✓ Database Connected
✓ Middlewares mounted
✓ Routes Mounted: 1 endpoints
✓ Routes Mounted: 1 endpoints
✓ Routes Mounted: 1 endpoints
✓ Server started on port 3001
✓ Database Connected
✓ Middlewares mounted
✓ Server started on port 3001
✓ Database Connected
✓ Middlewares mounted
✓ Routes Mounted: 1 endpoints
✓ Server started on port 3001
✓ Database Connected
✓ Middlewares mounted
✓ Routes Mounted: 1 endpoints
✓ Server started on port 3001
✓ Database Connected
✓ Middlewares mounted
✓ Routes Mounted: 1 endpoints
✓ Server started on port 3001
✓ Server started on port 3001
✓ Database Connected
✓ Middlewares mounted
✓ Routes Mounted: 1 endpoints
✓ Server started on port 3001
✓ Database Connected
✓ Middlewares mounted
✓ Routes Mounted: 1 endpoints
✓ Server started on port 3001
✓ Database Connected
✓ Server started on port 3001
✓ Database Connected
✓ Server started on port 3001
✓ Database Connected
✓ Server started on port 3001
✓ Database Connected
✓ Middlewares mounted
✓ Routes Mounted: 2 endpoints
✓ Server started on port 3001
✓ Database Connected
✓ Middlewares mounted
✓ Routes Mounted: 2 endpoints
✓ Server started on port 3001
✓ Database Connected
✓ Middlewares mounted
✓ Routes Mounted: 2 endpoints
✓ Routes Mounted: 1 endpoints
✓ Server started on port 3001
✓ Database Connected
✓ Middlewares mounted
✓ Routes Mounted: 1 endpoints
✓ Server started on port 3001
✓ Database Connected
✓ Middlewares mounted
✓ Routes Mounted: 2 endpoints
✓ Server started on port 3001
✓ Database Connected
✓ Server started on port 3001
✓ Database Connected
✓ Server started on port 3001
✓ Database Connected
✓ Middlewares mounted
✓ Routes Mounted: 7 endpoints
✓ Server started on port 3001
✓ Database Connected
✓ Middlewares mounted
✓ Routes Mounted: 7 endpoints
✓ Server started on port 3001
✓ Database Connected
✓ Middlewares mounted
✓ Routes Mounted: 7 endpoints
✓ Server started on port 3001
✓ Database Connected
✓ Server started on port 3001
✓ Database Connected
✓ Server started on port 3001
✓ Database Connected
✓ Server started on port 3001
✓ Database Connected
✓ Middlewares mounted
✓ Routes Mounted: 7 endpoints
✓ Server started on port 3001
✓ Database Connected
✓ Middlewares mounted
✓ Routes Mounted: 7 endpoints
✓ Server started on port 3001
✓ Database Connected
✓ Middlewares mounted
✓ Routes Mounted: 7 endpoints
✓ Server started on port 3001
✓ Database Connected
✓ Middlewares mounted
✓ Routes Mounted: 7 endpoints
✓ Server started on port 3001
✓ Database Connected
✓ Middlewares mounted
✓ Routes Mounted: 7 endpoints
✓ Server started on port 3001
✓ Database Connected
✓ Middlewares mounted
✓ Routes Mounted: 7 endpoints
✓ Server started on port 3001
✓ Database Connected
✓ Middlewares mounted
✓ Routes Mounted: 7 endpoints
✓ Server started on port 3001
✓ Database Connected
✓ Middlewares mounted
✓ Routes Mounted: 7 endpoints
✓ Server started on port 3001
✓ Database Connected
✓ Middlewares mounted
✓ Routes Mounted: 7 endpoints
✓ Server started on port 3001
✓ Database Connected
✓ Middlewares mounted
✓ Routes Mounted: 7 endpoints
✓ Server started on port 3001
✓ Database Connected
✓ Middlewares mounted
✓ Routes Mounted: 7 endpoints
✓ Server started on port 3001
✓ Database Connected
✓ Middlewares mounted
✓ Routes Mounted: 7 endpoints
✓ Server started on port 3001
✓ Database Connected
✓ Middlewares mounted
✓ Routes Mounted: 7 endpoints
✓ Server started on port 3001
✓ Database Connected
✓ Middlewares mounted
✓ Routes Mounted: 7 endpoints
✓ Server started on port 3001
✓ Database Connected
✓ Middlewares mounted
✓ Routes Mounted: 7 endpoints
✓ Server started on port 3001
✓ Database Connected
✓ Middlewares mounted
✓ Routes Mounted: 7 endpoints
✓ Server started on port 3001
✓ Database Connected
✓ Middlewares mounted
✓ Routes Mounted: 7 endpoints
✓ Server started on port 3001
✓ Database Connected
✓ Middlewares mounted
✓ Routes Mounted: 7 endpoints
✓ Server started on port 3001
✓ Database Connected
✓ Server started on port 3001
✓ Database Connected
✓ Middlewares mounted
✓ Routes Mounted: 7 endpoints
✓ Server started on port 3001
✓ Database Connected
✓ Middlewares mounted
✓ Server started on port 3001
✓ Database Connected
✓ Middlewares mounted
✓ Routes Mounted: 7 endpoints
✓ Server started on port 3001
✓ Database Connected
✓ Middlewares mounted
✓ Server started on port 3001
✓ Database Connected
✓ Middlewares mounted
✓ Routes Mounted: 7 endpoints
✓ Server started on port 3001
✓ Database Connected
✓ Server started on port 3001
✓ Database Connected
✓ Middlewares mounted
✓ Routes Mounted: 7 endpoints
✓ Routes Mounted: 7 endpoints
✓ Routes Mounted: 7 endpoints
✓ Routes Mounted: 7 endpoints
✓ Routes Mounted: 7 endpoints
✓ Server started on port 3001
✓ Database Connected
✓ Middlewares mounted
✓ Routes Mounted: 7 endpoints
✓ Routes Mounted: 7 endpoints
✓ Routes Mounted: 7 endpoints
✓ Routes Mounted: 7 endpoints
✓ Routes Mounted: 7 endpoints
✓ Routes Mounted: 7 endpoints
✓ Routes Mounted: 7 endpoints
✓ Routes Mounted: 7 endpoints
✓ Routes Mounted: 7 endpoints
✓ Routes Mounted: 7 endpoints
✓ Routes Mounted: 7 endpoints
✓ Routes Mounted: 7 endpoints
✓ Server started on port 3001
✓ Database Connected
✓ Middlewares mounted
✓ Server started on port 3001
✓ Database Connected
✓ Middlewares mounted
✓ Server started on port 3001
✓ Database Connected
✓ Server started on port 3001
✓ Database Connected
✓ Middlewares mounted
✓ Routes Mounted: 7 endpoints
✓ Server started on port 3001
✓ Database Connected
✓ Middlewares mounted
✓ Routes Mounted: 7 endpoints
✓ Server started on port 3001
✓ Database Connected
✓ Middlewares mounted
✓ Routes Mounted: 7 endpoints
✓ Server started on port 3001
✓ Database Connected
✓ Middlewares mounted
✓ Routes Mounted: 7 endpoints
✓ Server started on port 3001
✓ Database Connected
✓ Middlewares mounted
✓ Routes Mounted: 7 endpoints
✓ Server started on port 3001
✓ Database Connected
✓ Middlewares mounted
✓ Routes Mounted: 7 endpoints
✓ Server started on port 3001
✓ Database Connected
✓ Middlewares mounted
✓ Routes Mounted: 7 endpoints
✓ Server started on port 3001
✓ Database Connected
✓ Middlewares mounted
✓ Routes Mounted: 7 endpoints
✓ Server started on port 3001
✓ Database Connected
✓ Middlewares mounted
✓ Routes Mounted: 7 endpoints
✓ Server started on port 3001
✓ Database Connected
✓ Middlewares mounted
✓ Routes Mounted: 7 endpoints
✓ Server started on port 3001
✓ Database Connected
✓ Middlewares mounted
✓ Routes Mounted: 7 endpoints
✓ Server started on port 3001
✓ Database Connected
✓ Middlewares mounted
✓ Routes Mounted: 7 endpoints
✓ Server started on port 3001
✓ Database Connected
✓ Middlewares mounted
✓ Routes Mounted: 7 endpoints
✓ Server started on port 3001
✓ Database Connected
✓ Middlewares mounted
✓ Routes Mounted: 7 endpoints
✓ Server started on port 3001
✓ Database Connected
✓ Middlewares mounted
✓ Routes Mounted: 7 endpoints
✓ Server started on port 3001
✓ Database Connected
✓ Middlewares mounted
✓ Routes Mounted: 7 endpoints
✓ Server started on port 3001
✓ Database Connected
✓ Middlewares mounted
✓ Routes Mounted: 7 endpoints
✓ Server started on port 3001
✓ Database Connected
✓ Middlewares mounted
✓ Routes Mounted: 7 endpoints
✓ Server started on port 3001
✓ Database Connected
✓ Middlewares mounted
✓ Routes Mounted: 7 endpoints
✓ Server started on port 3001
✓ Database Connected
✓ Middlewares mounted
✓ Routes Mounted: 7 endpoints
✓ Server started on port 3001
✓ Database Connected
✓ Middlewares mounted
✓ Routes Mounted: 7 endpoints
✓ Server started on port 3001
✓ Database Connected
✓ Middlewares mounted
✓ Routes Mounted: 7 endpoints
✓ Server started on port 3001
✓ Database Connected
✓ Middlewares mounted
✓ Routes Mounted: 7 endpoints
✓ Cast to ObjectId failed for value "123" (type string) at path "_id" for model "Product"
✓ Server started on port 3001
✓ Database Connected
✓ Middlewares mounted
✓ Routes Mounted: 7 endpoints
✓ Cast to ObjectId failed for value "123" (type string) at path "_id" for model "Product"
✓ Server started on port 3001
✓ Database Connected
✓ Middlewares mounted
✓ Routes Mounted: 7 endpoints
✓ Cast to ObjectId failed for value "123" (type string) at path "_id" for model "Product"
✓ Server started on port 3001
✓ Database Connected
✓ Middlewares mounted
✓ Routes Mounted: 7 endpoints
{"success":false,"message":"Cast to ObjectId failed for value \"123\" (type string) at path \"_id\" for model \"Product\"","code":"UNKNOWN_ERROR","timestamp":"2025-11-27T10:21:36.315Z","path":"/product/123"}
✓ Database Connection Failed option appna is not supported
✓ Middlewares mounted
✓ Routes Mounted: 7 endpoints
✓ Server started on port 3001
{"message":"Database Connection Failed option appna is not supported"}
✓ Middlewares mounted
✓ Routes Mounted: 7 endpoints
✓ Server started on port 3001
